[2018-07-22 07:48:16.884] [INFO] [Main.WeenieBot.<init>(WeenieBot.java:54)] - Loading Properties from "prop.properties"...
[2018-07-22 07:48:16.887] [INFO] [Main.WeenieBot.<init>(WeenieBot.java:57)] - Initializing Sound Library...
[2018-07-22 07:48:16.888] [INFO] [Main.WeenieBot.<init>(WeenieBot.java:60)] - Initializing the Discord Bot...
[2018-07-22 07:48:17.854] [FATAL] [Main.WeenieBot.<init>(WeenieBot.java:71)] - Could not log in to Discord Server, make sure your token is correct. Exiting...
[2018-07-22 07:48:41.011] [INFO] [Main.WeenieBot.<init>(WeenieBot.java:54)] - Loading Properties from "prop.properties"...
[2018-07-22 07:48:41.014] [INFO] [Main.WeenieBot.<init>(WeenieBot.java:57)] - Initializing Sound Library...
[2018-07-22 07:48:41.014] [INFO] [Main.WeenieBot.<init>(WeenieBot.java:60)] - Initializing the Discord Bot...
[2018-07-22 07:48:42.019] [FATAL] [Main.WeenieBot.<init>(WeenieBot.java:71)] - Could not log in to Discord Server, make sure your token is correct. Exiting...
[2018-07-22 07:49:08.500] [INFO] [Main.WeenieBot.<init>(WeenieBot.java:54)] - Loading Properties from "prop.properties"...
[2018-07-22 07:49:08.503] [INFO] [Main.WeenieBot.<init>(WeenieBot.java:57)] - Initializing Sound Library...
[2018-07-22 07:49:08.503] [INFO] [Main.WeenieBot.<init>(WeenieBot.java:60)] - Initializing the Discord Bot...
[2018-07-22 07:49:09.484] [FATAL] [Main.WeenieBot.<init>(WeenieBot.java:71)] - Could not log in to Discord Server, make sure your token is correct. Exiting...
[2018-07-22 10:13:33.822] [INFO] [Main.PropertyLoader.LoadProperties(PropertyLoader.java:22)] - Loading Properties from "prop.properties"...
[2018-07-22 10:13:33.828] [INFO] [Audio.SoundLibrary.<init>(SoundLibrary.java:35)] - Initializing Sound Library...
[2018-07-22 10:13:33.829] [INFO] [Main.WeenieBot.<init>(WeenieBot.java:69)] - Initializing the Discord Bot...
[2018-07-22 10:13:34.944] [FATAL] [Main.WeenieBot.<init>(WeenieBot.java:80)] - Could not log in to Discord Server, make sure your token is correct. Exiting...
[2018-07-22 10:42:15.706] [INFO] [Main.PropertyLoader.LoadProperties(PropertyLoader.java:22)] - Loading Properties from "prop.properties"...
[2018-07-22 10:42:15.709] [INFO] [Audio.SoundLibrary.<init>(SoundLibrary.java:35)] - Initializing Sound Library...
[2018-07-22 10:42:15.709] [INFO] [Main.WeenieBot.<init>(WeenieBot.java:69)] - Initializing the Discord Bot...
[2018-07-22 10:42:16.808] [FATAL] [Main.WeenieBot.<init>(WeenieBot.java:80)] - Could not log in to Discord Server, make sure your token is correct. Exiting...
[2018-07-22 11:24:03.452] [INFO] [Main.PropertyLoader.LoadProperties(PropertyLoader.java:22)] - Loading Properties from "prop.properties"...
[2018-07-22 11:24:03.456] [INFO] [Audio.SoundLibrary.<init>(SoundLibrary.java:35)] - Initializing Sound Library...
[2018-07-22 11:24:03.457] [INFO] [Main.WeenieBot.<init>(WeenieBot.java:70)] - Initializing the Discord Bot...
[2018-07-22 11:24:04.525] [FATAL] [Main.WeenieBot.<init>(WeenieBot.java:83)] - Could not log in to Discord Server, make sure your token is correct. Exiting...
[2018-07-22 11:24:31.684] [INFO] [Main.PropertyLoader.LoadProperties(PropertyLoader.java:22)] - Loading Properties from "prop.properties"...
[2018-07-22 11:24:31.692] [INFO] [Audio.SoundLibrary.<init>(SoundLibrary.java:35)] - Initializing Sound Library...
[2018-07-22 11:24:31.693] [INFO] [Main.WeenieBot.<init>(WeenieBot.java:70)] - Initializing the Discord Bot...
[2018-07-22 11:25:25.260] [INFO] [Listeners.ChatListener.onMessageReceived(ChatListener.java:39)] - 208997799113654273 gave command: !37
[2018-07-22 11:25:25.261] [INFO] [Main.WeenieBot.addCommand(WeenieBot.java:120)] - Adding <37> to the command queue.
[2018-07-22 11:25:25.330] [INFO] [Main.WeenieBot.processCommand(WeenieBot.java:132)] - Attempting to process command: <37>
[2018-07-22 11:25:25.330] [WARN] [Commands.PlayCommand.processCommand(PlayCommand.java:30)] - Could not find the requested sound file. <37>
[2018-07-22 11:25:42.484] [INFO] [Listeners.ChatListener.onMessageReceived(ChatListener.java:39)] - 208997799113654273 gave command: !random
[2018-07-22 11:25:42.484] [INFO] [Main.WeenieBot.addCommand(WeenieBot.java:120)] - Adding <random> to the command queue.
[2018-07-22 11:25:43.330] [INFO] [Main.WeenieBot.processCommand(WeenieBot.java:132)] - Attempting to process command: <random>
[2018-07-22 11:25:43.330] [WARN] [Commands.RandomCommand.processCommand(RandomCommand.java:24)] - No sound files in the sound library, cannot play a random sound.
[2018-07-22 11:31:32.207] [INFO] [Main.PropertyLoader.LoadProperties(PropertyLoader.java:22)] - Loading Properties from "prop.properties"...
[2018-07-22 11:31:32.211] [INFO] [Audio.SoundLibrary.<init>(SoundLibrary.java:35)] - Initializing Sound Library...
[2018-07-22 11:31:32.212] [INFO] [Main.WeenieBot.<init>(WeenieBot.java:70)] - Initializing the Discord Bot...
[2018-07-22 11:31:57.386] [INFO] [Main.PropertyLoader.LoadProperties(PropertyLoader.java:22)] - Loading Properties from "prop.properties"...
[2018-07-22 11:31:57.390] [INFO] [Audio.SoundLibrary.<init>(SoundLibrary.java:35)] - Initializing Sound Library...
[2018-07-22 11:31:57.397] [INFO] [Main.WeenieBot.<init>(WeenieBot.java:70)] - Initializing the Discord Bot...
[2018-07-22 11:32:02.810] [INFO] [Listeners.ChatListener.onMessageReceived(ChatListener.java:39)] - 208997799113654273 gave command: !random
[2018-07-22 11:32:02.811] [INFO] [Main.WeenieBot.addCommand(WeenieBot.java:120)] - Adding <random> to the command queue.
[2018-07-22 11:32:02.957] [INFO] [Main.WeenieBot.processCommand(WeenieBot.java:132)] - Attempting to process command: <random>
[2018-07-22 11:32:02.957] [INFO] [Main.WeenieBot.joinVoiceChannel(WeenieBot.java:184)] - Attempting to join channel: <Grillby's (PTT Only)>
[2018-07-22 11:32:04.065] [INFO] [Main.WeenieBot.joinVoiceChannel(WeenieBot.java:216)] - Successfully joined channel: <Grillby's (PTT Only)>
[2018-07-22 11:32:04.067] [ERROR] [Main.WeenieBot.processCommand(WeenieBot.java:141)] - Could not process command: <random>
	java.lang.NullPointerException
[2018-07-22 11:33:20.679] [INFO] [Main.PropertyLoader.LoadProperties(PropertyLoader.java:22)] - Loading Properties from "prop.properties"...
[2018-07-22 11:33:20.684] [INFO] [Audio.SoundLibrary.<init>(SoundLibrary.java:35)] - Initializing Sound Library...
[2018-07-22 11:33:20.692] [INFO] [Main.WeenieBot.<init>(WeenieBot.java:70)] - Initializing the Discord Bot...
[2018-07-22 11:33:46.466] [INFO] [Listeners.ChatListener.onMessageReceived(ChatListener.java:39)] - 208997799113654273 gave command: !random
[2018-07-22 11:33:46.467] [INFO] [Main.WeenieBot.addCommand(WeenieBot.java:120)] - Adding <random> to the command queue.
[2018-07-22 11:33:46.512] [INFO] [Main.WeenieBot.processCommand(WeenieBot.java:132)] - Attempting to process command: <random>
[2018-07-22 11:33:46.513] [INFO] [Main.WeenieBot.joinVoiceChannel(WeenieBot.java:184)] - Attempting to join channel: <Grillby's (PTT Only)>
[2018-07-22 11:33:47.624] [INFO] [Main.WeenieBot.joinVoiceChannel(WeenieBot.java:216)] - Successfully joined channel: <Grillby's (PTT Only)>
[2018-07-22 11:33:47.625] [ERROR] [Main.WeenieBot.processCommand(WeenieBot.java:141)] - Could not process command: <random>
	java.lang.NullPointerException
[2018-07-22 11:34:01.574] [INFO] [Main.PropertyLoader.LoadProperties(PropertyLoader.java:22)] - Loading Properties from "prop.properties"...
[2018-07-22 11:34:01.577] [INFO] [Audio.SoundLibrary.<init>(SoundLibrary.java:35)] - Initializing Sound Library...
[2018-07-22 11:34:01.583] [INFO] [Main.WeenieBot.<init>(WeenieBot.java:70)] - Initializing the Discord Bot...
[2018-07-22 11:34:05.113] [INFO] [Listeners.ChatListener.onMessageReceived(ChatListener.java:39)] - 208997799113654273 gave command: !random
[2018-07-22 11:34:05.114] [INFO] [Main.WeenieBot.addCommand(WeenieBot.java:120)] - Adding <random> to the command queue.
[2018-07-22 11:34:05.251] [INFO] [Main.WeenieBot.processCommand(WeenieBot.java:132)] - Attempting to process command: <random>
[2018-07-22 11:34:05.252] [INFO] [Main.WeenieBot.joinVoiceChannel(WeenieBot.java:184)] - Attempting to join channel: <Grillby's (PTT Only)>
[2018-07-22 11:34:06.260] [INFO] [Main.WeenieBot.joinVoiceChannel(WeenieBot.java:216)] - Successfully joined channel: <Grillby's (PTT Only)>
[2018-07-22 11:34:06.261] [ERROR] [Main.WeenieBot.processCommand(WeenieBot.java:141)] - Could not process command: <random>
	java.lang.NullPointerException
[2018-07-22 11:35:21.941] [INFO] [Main.PropertyLoader.LoadProperties(PropertyLoader.java:22)] - Loading Properties from "prop.properties"...
[2018-07-22 11:35:21.952] [INFO] [Audio.SoundLibrary.<init>(SoundLibrary.java:35)] - Initializing Sound Library...
[2018-07-22 11:35:21.959] [INFO] [Main.WeenieBot.<init>(WeenieBot.java:70)] - Initializing the Discord Bot...
[2018-07-22 11:35:27.173] [INFO] [Listeners.ChatListener.onMessageReceived(ChatListener.java:39)] - 208997799113654273 gave command: !random
[2018-07-22 11:35:27.174] [INFO] [Main.WeenieBot.addCommand(WeenieBot.java:120)] - Adding <random> to the command queue.
[2018-07-22 11:35:27.732] [INFO] [Main.WeenieBot.processCommand(WeenieBot.java:132)] - Attempting to process command: <random>
[2018-07-22 11:35:27.732] [INFO] [Main.WeenieBot.joinVoiceChannel(WeenieBot.java:184)] - Attempting to join channel: <Grillby's (PTT Only)>
[2018-07-22 11:35:28.839] [INFO] [Main.WeenieBot.joinVoiceChannel(WeenieBot.java:216)] - Successfully joined channel: <Grillby's (PTT Only)>
[2018-07-22 11:35:28.841] [ERROR] [Main.WeenieBot.processCommand(WeenieBot.java:141)] - Could not process command: <random>
	java.lang.NullPointerException
[2018-07-22 11:35:39.518] [INFO] [Main.PropertyLoader.LoadProperties(PropertyLoader.java:22)] - Loading Properties from "prop.properties"...
[2018-07-22 11:35:39.527] [INFO] [Audio.SoundLibrary.<init>(SoundLibrary.java:35)] - Initializing Sound Library...
[2018-07-22 11:35:39.532] [INFO] [Main.WeenieBot.<init>(WeenieBot.java:70)] - Initializing the Discord Bot...
[2018-07-22 11:36:07.378] [INFO] [Listeners.ChatListener.onMessageReceived(ChatListener.java:39)] - 208997799113654273 gave command: !random
[2018-07-22 11:36:07.379] [INFO] [Main.WeenieBot.addCommand(WeenieBot.java:120)] - Adding <random> to the command queue.
[2018-07-22 11:36:08.222] [INFO] [Main.WeenieBot.processCommand(WeenieBot.java:132)] - Attempting to process command: <random>
[2018-07-22 11:40:17.389] [INFO] [Main.WeenieBot.joinVoiceChannel(WeenieBot.java:184)] - Attempting to join channel: <Grillby's (PTT Only)>
[2018-07-22 11:42:04.778] [INFO] [Main.WeenieBot.joinVoiceChannel(WeenieBot.java:216)] - Successfully joined channel: <Grillby's (PTT Only)>
[2018-07-22 11:42:39.068] [ERROR] [Main.WeenieBot.processCommand(WeenieBot.java:141)] - Could not process command: <random>
	java.lang.NullPointerException
[2018-07-22 11:45:22.527] [INFO] [Main.PropertyLoader.LoadProperties(PropertyLoader.java:22)] - Loading Properties from "prop.properties"...
[2018-07-22 11:45:22.533] [INFO] [Audio.SoundLibrary.<init>(SoundLibrary.java:35)] - Initializing Sound Library...
[2018-07-22 11:45:22.551] [INFO] [Main.WeenieBot.<init>(WeenieBot.java:70)] - Initializing the Discord Bot...
[2018-07-22 11:45:42.332] [INFO] [Listeners.ChatListener.onMessageReceived(ChatListener.java:39)] - 208997799113654273 gave command: !random
[2018-07-22 11:45:42.333] [INFO] [Main.WeenieBot.addCommand(WeenieBot.java:120)] - Adding <random> to the command queue.
[2018-07-22 11:45:42.515] [INFO] [Main.WeenieBot.processCommand(WeenieBot.java:132)] - Attempting to process command: <random>
[2018-07-22 11:45:42.516] [INFO] [Main.WeenieBot.joinVoiceChannel(WeenieBot.java:184)] - Attempting to join channel: <Grillby's (PTT Only)>
[2018-07-22 11:45:43.626] [INFO] [Main.WeenieBot.joinVoiceChannel(WeenieBot.java:216)] - Successfully joined channel: <Grillby's (PTT Only)>
[2018-07-22 11:45:43.659] [ERROR] [Main.WeenieBot.processCommand(WeenieBot.java:141)] - Could not process command: <random>
	java.lang.NullPointerException
[2018-07-22 11:45:52.562] [INFO] [Main.PropertyLoader.LoadProperties(PropertyLoader.java:22)] - Loading Properties from "prop.properties"...
[2018-07-22 11:45:52.572] [INFO] [Audio.SoundLibrary.<init>(SoundLibrary.java:35)] - Initializing Sound Library...
[2018-07-22 11:45:52.588] [INFO] [Main.WeenieBot.<init>(WeenieBot.java:70)] - Initializing the Discord Bot...
[2018-07-22 11:46:08.839] [INFO] [Listeners.ChatListener.onMessageReceived(ChatListener.java:39)] - 208997799113654273 gave command: !random
[2018-07-22 11:46:08.841] [INFO] [Main.WeenieBot.addCommand(WeenieBot.java:120)] - Adding <random> to the command queue.
[2018-07-22 11:46:09.101] [INFO] [Main.WeenieBot.processCommand(WeenieBot.java:132)] - Attempting to process command: <random>
[2018-07-22 11:46:19.247] [INFO] [Main.WeenieBot.joinVoiceChannel(WeenieBot.java:184)] - Attempting to join channel: <Grillby's (PTT Only)>
[2018-07-22 11:46:20.061] [INFO] [Main.WeenieBot.joinVoiceChannel(WeenieBot.java:216)] - Successfully joined channel: <Grillby's (PTT Only)>
[2018-07-22 11:46:20.105] [ERROR] [Main.WeenieBot.processCommand(WeenieBot.java:141)] - Could not process command: <random>
	java.lang.NullPointerException
[2018-07-22 11:46:41.535] [INFO] [Main.PropertyLoader.LoadProperties(PropertyLoader.java:22)] - Loading Properties from "prop.properties"...
[2018-07-22 11:46:41.542] [INFO] [Audio.SoundLibrary.<init>(SoundLibrary.java:35)] - Initializing Sound Library...
[2018-07-22 11:46:41.558] [INFO] [Main.WeenieBot.<init>(WeenieBot.java:70)] - Initializing the Discord Bot...
[2018-07-22 11:46:45.403] [INFO] [Listeners.ChatListener.onMessageReceived(ChatListener.java:39)] - 208997799113654273 gave command: !random
[2018-07-22 11:46:45.405] [INFO] [Main.WeenieBot.addCommand(WeenieBot.java:120)] - Adding <random> to the command queue.
[2018-07-22 11:46:46.168] [INFO] [Main.WeenieBot.processCommand(WeenieBot.java:132)] - Attempting to process command: <random>
[2018-07-22 11:46:46.168] [INFO] [Main.WeenieBot.joinVoiceChannel(WeenieBot.java:184)] - Attempting to join channel: <Grillby's (PTT Only)>
[2018-07-22 11:46:47.277] [INFO] [Main.WeenieBot.joinVoiceChannel(WeenieBot.java:216)] - Successfully joined channel: <Grillby's (PTT Only)>
[2018-07-22 11:46:47.312] [ERROR] [Main.WeenieBot.processCommand(WeenieBot.java:141)] - Could not process command: <random>
	java.lang.NullPointerException
[2018-07-22 11:46:55.204] [INFO] [Main.PropertyLoader.LoadProperties(PropertyLoader.java:22)] - Loading Properties from "prop.properties"...
[2018-07-22 11:46:55.209] [INFO] [Audio.SoundLibrary.<init>(SoundLibrary.java:35)] - Initializing Sound Library...
[2018-07-22 11:46:55.220] [INFO] [Main.WeenieBot.<init>(WeenieBot.java:70)] - Initializing the Discord Bot...
[2018-07-22 11:46:58.861] [INFO] [Listeners.ChatListener.onMessageReceived(ChatListener.java:39)] - 208997799113654273 gave command: !random
[2018-07-22 11:46:58.863] [INFO] [Main.WeenieBot.addCommand(WeenieBot.java:120)] - Adding <random> to the command queue.
[2018-07-22 11:46:58.893] [INFO] [Main.WeenieBot.processCommand(WeenieBot.java:132)] - Attempting to process command: <random>
[2018-07-22 11:47:11.447] [INFO] [Main.WeenieBot.joinVoiceChannel(WeenieBot.java:184)] - Attempting to join channel: <Grillby's (PTT Only)>
[2018-07-22 11:47:12.663] [INFO] [Main.WeenieBot.joinVoiceChannel(WeenieBot.java:216)] - Successfully joined channel: <Grillby's (PTT Only)>
[2018-07-22 11:48:05.768] [ERROR] [Main.WeenieBot.processCommand(WeenieBot.java:141)] - Could not process command: <random>
	java.lang.NullPointerException
[2018-07-22 11:48:49.432] [INFO] [Main.PropertyLoader.LoadProperties(PropertyLoader.java:22)] - Loading Properties from "prop.properties"...
[2018-07-22 11:48:49.435] [INFO] [Audio.SoundLibrary.<init>(SoundLibrary.java:35)] - Initializing Sound Library...
[2018-07-22 11:48:49.452] [INFO] [Main.WeenieBot.<init>(WeenieBot.java:70)] - Initializing the Discord Bot...
[2018-07-22 11:48:56.167] [INFO] [Listeners.ChatListener.onMessageReceived(ChatListener.java:39)] - 208997799113654273 gave command: !random
[2018-07-22 11:48:56.168] [INFO] [Main.WeenieBot.addCommand(WeenieBot.java:120)] - Adding <random> to the command queue.
[2018-07-22 11:48:56.273] [INFO] [Main.WeenieBot.processCommand(WeenieBot.java:132)] - Attempting to process command: <random>
[2018-07-22 11:48:56.273] [INFO] [Main.WeenieBot.joinVoiceChannel(WeenieBot.java:184)] - Attempting to join channel: <Grillby's (PTT Only)>
[2018-07-22 11:48:57.382] [INFO] [Main.WeenieBot.joinVoiceChannel(WeenieBot.java:216)] - Successfully joined channel: <Grillby's (PTT Only)>
[2018-07-22 11:48:58.712] [INFO] [Audio.SoundPlayer$1.trackLoaded(SoundPlayer.java:71)] - Attempting to play the requested sound.
[2018-07-22 11:49:04.063] [ERROR] [Main.WeenieBot.leaveVoiceChannel(WeenieBot.java:232)] - Could not leave the voice channel: <Grillby's (PTT Only)>
	java.lang.IllegalStateException: java.lang.InterruptedException
[2018-07-22 11:53:17.851] [INFO] [Listeners.ChatListener.onMessageReceived(ChatListener.java:39)] - 208997799113654273 gave command: !random
[2018-07-22 11:53:17.851] [INFO] [Main.WeenieBot.addCommand(WeenieBot.java:120)] - Adding <random> to the command queue.
[2018-07-22 11:59:11.338] [INFO] [Main.PropertyLoader.LoadProperties(PropertyLoader.java:22)] - Loading Properties from "prop.properties"...
[2018-07-22 11:59:11.342] [INFO] [Audio.SoundLibrary.<init>(SoundLibrary.java:35)] - Initializing Sound Library...
[2018-07-22 11:59:11.348] [INFO] [Main.WeenieBot.<init>(WeenieBot.java:68)] - Initializing the Discord Bot...
[2018-07-22 11:59:14.994] [INFO] [Main.PropertyLoader.LoadProperties(PropertyLoader.java:22)] - Loading Properties from "prop.properties"...
[2018-07-22 11:59:14.998] [INFO] [Audio.SoundLibrary.<init>(SoundLibrary.java:35)] - Initializing Sound Library...
[2018-07-22 11:59:15.003] [INFO] [Main.WeenieBot.<init>(WeenieBot.java:68)] - Initializing the Discord Bot...
[2018-07-22 12:00:13.768] [INFO] [Listeners.ChatListener.onMessageReceived(ChatListener.java:39)] - 208997799113654273 gave command: !random
[2018-07-22 12:00:13.769] [INFO] [Main.WeenieBot.addCommand(WeenieBot.java:118)] - Adding <random> to the command queue.
[2018-07-22 12:00:14.717] [INFO] [Main.WeenieBot.processCommand(WeenieBot.java:130)] - Attempting to process command: <random>
[2018-07-22 12:00:40.380] [INFO] [Main.WeenieBot.joinVoiceChannel(WeenieBot.java:182)] - Attempting to join channel: <Grillby's (PTT Only)>
[2018-07-22 12:00:41.594] [INFO] [Main.WeenieBot.joinVoiceChannel(WeenieBot.java:214)] - Successfully joined channel: <Grillby's (PTT Only)>
[2018-07-22 12:00:41.792] [INFO] [Audio.SoundPlayer$1.trackLoaded(SoundPlayer.java:71)] - Attempting to play the requested sound.
[2018-07-22 12:00:52.904] [ERROR] [Main.WeenieBot.leaveVoiceChannel(WeenieBot.java:230)] - Could not leave the voice channel: <Grillby's (PTT Only)>
	java.lang.IllegalStateException: java.lang.InterruptedException
[2018-07-22 12:02:43.643] [INFO] [Main.PropertyLoader.LoadProperties(PropertyLoader.java:22)] - Loading Properties from "prop.properties"...
[2018-07-22 12:02:43.647] [INFO] [Audio.SoundLibrary.<init>(SoundLibrary.java:35)] - Initializing Sound Library...
[2018-07-22 12:02:43.651] [INFO] [Main.WeenieBot.<init>(WeenieBot.java:68)] - Initializing the Discord Bot...
[2018-07-22 12:02:48.451] [INFO] [Listeners.ChatListener.onMessageReceived(ChatListener.java:39)] - 208997799113654273 gave command: !random
[2018-07-22 12:02:48.453] [INFO] [Main.WeenieBot.addCommand(WeenieBot.java:118)] - Adding <random> to the command queue.
[2018-07-22 12:02:49.323] [INFO] [Main.WeenieBot.processCommand(WeenieBot.java:130)] - Attempting to process command: <random>
[2018-07-22 12:02:49.326] [INFO] [Main.WeenieBot.joinVoiceChannel(WeenieBot.java:182)] - Attempting to join channel: <Furry Overlords>
[2018-07-22 12:02:50.344] [INFO] [Main.WeenieBot.joinVoiceChannel(WeenieBot.java:214)] - Successfully joined channel: <Furry Overlords>
[2018-07-22 12:02:50.560] [INFO] [Audio.SoundPlayer$1.trackLoaded(SoundPlayer.java:71)] - Attempting to play the requested sound.
[2018-07-22 12:04:17.221] [ERROR] [Main.WeenieBot.leaveVoiceChannel(WeenieBot.java:230)] - Could not leave the voice channel: <Furry Overlords>
	java.lang.IllegalStateException: java.lang.InterruptedException
[2018-07-22 12:05:45.104] [INFO] [Main.PropertyLoader.LoadProperties(PropertyLoader.java:22)] - Loading Properties from "prop.properties"...
[2018-07-22 12:05:45.107] [INFO] [Audio.SoundLibrary.<init>(SoundLibrary.java:35)] - Initializing Sound Library...
[2018-07-22 12:05:45.111] [INFO] [Main.WeenieBot.<init>(WeenieBot.java:68)] - Initializing the Discord Bot...
[2018-07-22 12:05:49.833] [INFO] [Listeners.ChatListener.onMessageReceived(ChatListener.java:39)] - 208997799113654273 gave command: !random
[2018-07-22 12:05:49.835] [INFO] [Main.WeenieBot.addCommand(WeenieBot.java:118)] - Adding <random> to the command queue.
[2018-07-22 12:05:50.699] [INFO] [Main.WeenieBot.processCommand(WeenieBot.java:130)] - Attempting to process command: <random>
[2018-07-22 12:05:50.702] [INFO] [Main.WeenieBot.joinVoiceChannel(WeenieBot.java:182)] - Attempting to join channel: <Furry Overlords>
[2018-07-22 12:05:51.819] [INFO] [Main.WeenieBot.joinVoiceChannel(WeenieBot.java:214)] - Successfully joined channel: <Furry Overlords>
[2018-07-22 12:05:52.062] [INFO] [Audio.SoundPlayer$1.trackLoaded(SoundPlayer.java:71)] - Attempting to play the requested sound.
[2018-07-22 12:06:07.105] [ERROR] [Main.WeenieBot.leaveVoiceChannel(WeenieBot.java:230)] - Could not leave the voice channel: <Furry Overlords>
	java.lang.IllegalStateException: java.lang.InterruptedException
[2018-07-22 12:06:51.818] [INFO] [Main.PropertyLoader.LoadProperties(PropertyLoader.java:22)] - Loading Properties from "prop.properties"...
[2018-07-22 12:06:51.821] [INFO] [Audio.SoundLibrary.<init>(SoundLibrary.java:35)] - Initializing Sound Library...
[2018-07-22 12:06:51.827] [INFO] [Main.WeenieBot.<init>(WeenieBot.java:68)] - Initializing the Discord Bot...
[2018-07-22 12:06:57.375] [INFO] [Listeners.ChatListener.onMessageReceived(ChatListener.java:39)] - 208997799113654273 gave command: !random
[2018-07-22 12:06:57.376] [INFO] [Main.WeenieBot.addCommand(WeenieBot.java:118)] - Adding <random> to the command queue.
[2018-07-22 12:06:57.473] [INFO] [Main.WeenieBot.processCommand(WeenieBot.java:130)] - Attempting to process command: <random>
[2018-07-22 12:06:57.474] [INFO] [Main.WeenieBot.joinVoiceChannel(WeenieBot.java:182)] - Attempting to join channel: <Furry Overlords>
[2018-07-22 12:06:58.488] [INFO] [Main.WeenieBot.joinVoiceChannel(WeenieBot.java:214)] - Successfully joined channel: <Furry Overlords>
[2018-07-22 12:06:58.691] [INFO] [Audio.SoundPlayer$1.trackLoaded(SoundPlayer.java:71)] - Attempting to play the requested sound.
[2018-07-22 12:12:48.747] [INFO] [Main.PropertyLoader.LoadProperties(PropertyLoader.java:22)] - Loading Properties from "prop.properties"...
[2018-07-22 12:12:48.750] [INFO] [Audio.SoundLibrary.<init>(SoundLibrary.java:35)] - Initializing Sound Library...
[2018-07-22 12:12:48.754] [INFO] [Main.WeenieBot.<init>(WeenieBot.java:68)] - Initializing the Discord Bot...
[2018-07-22 12:12:53.214] [INFO] [Listeners.ChatListener.onMessageReceived(ChatListener.java:39)] - 208997799113654273 gave command: !37
[2018-07-22 12:12:53.215] [INFO] [Main.WeenieBot.addCommand(WeenieBot.java:118)] - Adding <37> to the command queue.
[2018-07-22 12:12:53.309] [INFO] [Main.WeenieBot.processCommand(WeenieBot.java:130)] - Attempting to process command: <37>
[2018-07-22 12:12:53.310] [INFO] [Main.WeenieBot.joinVoiceChannel(WeenieBot.java:182)] - Attempting to join channel: <Furry Overlords>
[2018-07-22 12:12:54.421] [INFO] [Main.WeenieBot.joinVoiceChannel(WeenieBot.java:214)] - Successfully joined channel: <Furry Overlords>
[2018-07-22 12:12:54.635] [INFO] [Audio.SoundPlayer$1.trackLoaded(SoundPlayer.java:71)] - Attempting to play the requested sound.
[2018-07-22 12:13:56.959] [INFO] [Main.PropertyLoader.LoadProperties(PropertyLoader.java:22)] - Loading Properties from "prop.properties"...
[2018-07-22 12:13:56.963] [INFO] [Audio.SoundLibrary.<init>(SoundLibrary.java:35)] - Initializing Sound Library...
[2018-07-22 12:13:56.974] [INFO] [Main.WeenieBot.<init>(WeenieBot.java:68)] - Initializing the Discord Bot...
[2018-07-22 12:14:00.286] [INFO] [Listeners.ChatListener.onMessageReceived(ChatListener.java:39)] - 208997799113654273 gave command: !random
[2018-07-22 12:14:00.288] [INFO] [Main.WeenieBot.addCommand(WeenieBot.java:118)] - Adding <random> to the command queue.
[2018-07-22 12:14:00.575] [INFO] [Main.WeenieBot.processCommand(WeenieBot.java:130)] - Attempting to process command: <random>
[2018-07-22 12:14:00.576] [INFO] [Main.WeenieBot.joinVoiceChannel(WeenieBot.java:182)] - Attempting to join channel: <Furry Overlords>
[2018-07-22 12:14:01.686] [INFO] [Main.WeenieBot.joinVoiceChannel(WeenieBot.java:214)] - Successfully joined channel: <Furry Overlords>
[2018-07-22 12:14:01.907] [INFO] [Audio.SoundPlayer$1.trackLoaded(SoundPlayer.java:71)] - Attempting to play the requested sound.
[2018-07-22 12:14:58.991] [INFO] [Main.PropertyLoader.LoadProperties(PropertyLoader.java:22)] - Loading Properties from "prop.properties"...
[2018-07-22 12:14:58.994] [INFO] [Audio.SoundLibrary.<init>(SoundLibrary.java:35)] - Initializing Sound Library...
[2018-07-22 12:14:58.998] [INFO] [Main.WeenieBot.<init>(WeenieBot.java:68)] - Initializing the Discord Bot...
[2018-07-22 12:15:10.549] [INFO] [Main.PropertyLoader.LoadProperties(PropertyLoader.java:22)] - Loading Properties from "prop.properties"...
[2018-07-22 12:15:10.554] [INFO] [Audio.SoundLibrary.<init>(SoundLibrary.java:35)] - Initializing Sound Library...
[2018-07-22 12:15:10.563] [INFO] [Main.WeenieBot.<init>(WeenieBot.java:68)] - Initializing the Discord Bot...
[2018-07-22 12:15:15.405] [INFO] [Listeners.ChatListener.onMessageReceived(ChatListener.java:39)] - 208997799113654273 gave command: !random
[2018-07-22 12:15:15.407] [INFO] [Main.WeenieBot.addCommand(WeenieBot.java:118)] - Adding <random> to the command queue.
[2018-07-22 12:15:16.134] [INFO] [Main.WeenieBot.processCommand(WeenieBot.java:130)] - Attempting to process command: <random>
[2018-07-22 12:15:16.135] [INFO] [Main.WeenieBot.joinVoiceChannel(WeenieBot.java:182)] - Attempting to join channel: <Furry Overlords>
[2018-07-22 12:15:17.248] [INFO] [Main.WeenieBot.joinVoiceChannel(WeenieBot.java:214)] - Successfully joined channel: <Furry Overlords>
[2018-07-22 12:15:17.462] [INFO] [Audio.SoundPlayer$1.trackLoaded(SoundPlayer.java:71)] - Attempting to play the requested sound.
[2018-07-22 12:15:20.938] [INFO] [Listeners.ChatListener.onMessageReceived(ChatListener.java:39)] - 208997799113654273 gave command: !stop
[2018-07-22 12:15:20.938] [INFO] [Main.WeenieBot.processUrgentCommand(WeenieBot.java:148)] - Attempting to process urgent command: <stop>
[2018-07-22 12:17:21.965] [INFO] [Audio.SoundPlayer.stop(SoundPlayer.java:102)] - Successfully stopped the track.
[2018-07-22 12:17:42.465] [INFO] [Listeners.ChatListener.onMessageReceived(ChatListener.java:39)] - 208997799113654273 gave command: !random
[2018-07-22 12:17:42.466] [INFO] [Main.WeenieBot.addCommand(WeenieBot.java:118)] - Adding <random> to the command queue.
[2018-07-22 12:17:43.133] [INFO] [Main.WeenieBot.processCommand(WeenieBot.java:130)] - Attempting to process command: <random>
[2018-07-22 12:17:43.134] [INFO] [Main.WeenieBot.joinVoiceChannel(WeenieBot.java:182)] - Attempting to join channel: <Furry Overlords>
[2018-07-22 12:17:43.537] [INFO] [Main.WeenieBot.joinVoiceChannel(WeenieBot.java:214)] - Successfully joined channel: <Furry Overlords>
[2018-07-22 12:17:43.538] [INFO] [Audio.SoundPlayer$1.trackLoaded(SoundPlayer.java:71)] - Attempting to play the requested sound.
[2018-07-22 12:17:51.379] [INFO] [Listeners.ChatListener.onMessageReceived(ChatListener.java:39)] - 208997799113654273 gave command: !stop
[2018-07-22 12:17:51.379] [INFO] [Main.WeenieBot.processUrgentCommand(WeenieBot.java:148)] - Attempting to process urgent command: <stop>
[2018-07-22 12:18:03.891] [INFO] [Audio.SoundPlayer.stop(SoundPlayer.java:102)] - Successfully stopped the track.
[2018-07-22 12:19:28.173] [INFO] [Listeners.ChatListener.onMessageReceived(ChatListener.java:39)] - 208997799113654273 gave command: !random
[2018-07-22 12:19:28.173] [INFO] [Main.WeenieBot.addCommand(WeenieBot.java:118)] - Adding <random> to the command queue.
[2018-07-22 12:19:29.133] [INFO] [Main.WeenieBot.processCommand(WeenieBot.java:130)] - Attempting to process command: <random>
[2018-07-22 12:19:29.134] [INFO] [Main.WeenieBot.joinVoiceChannel(WeenieBot.java:182)] - Attempting to join channel: <Furry Overlords>
[2018-07-22 12:19:30.139] [INFO] [Main.WeenieBot.joinVoiceChannel(WeenieBot.java:214)] - Successfully joined channel: <Furry Overlords>
[2018-07-22 12:19:30.140] [INFO] [Audio.SoundPlayer$1.trackLoaded(SoundPlayer.java:71)] - Attempting to play the requested sound.
[2018-07-22 12:19:31.818] [INFO] [Listeners.ChatListener.onMessageReceived(ChatListener.java:39)] - 208997799113654273 gave command: !stop
[2018-07-22 12:19:31.819] [INFO] [Main.WeenieBot.processUrgentCommand(WeenieBot.java:148)] - Attempting to process urgent command: <stop>
[2018-07-22 12:19:31.819] [INFO] [Audio.SoundPlayer.stop(SoundPlayer.java:102)] - Successfully stopped the track.
[2018-07-22 12:19:37.873] [INFO] [Listeners.ChatListener.onMessageReceived(ChatListener.java:39)] - 208997799113654273 gave command: !37
[2018-07-22 12:19:37.873] [INFO] [Main.WeenieBot.addCommand(WeenieBot.java:118)] - Adding <37> to the command queue.
[2018-07-22 12:19:38.133] [INFO] [Main.WeenieBot.processCommand(WeenieBot.java:130)] - Attempting to process command: <37>
[2018-07-22 12:19:38.133] [INFO] [Main.WeenieBot.joinVoiceChannel(WeenieBot.java:182)] - Attempting to join channel: <Furry Overlords>
[2018-07-22 12:19:39.140] [INFO] [Main.WeenieBot.joinVoiceChannel(WeenieBot.java:214)] - Successfully joined channel: <Furry Overlords>
[2018-07-22 12:19:39.141] [INFO] [Audio.SoundPlayer$1.trackLoaded(SoundPlayer.java:71)] - Attempting to play the requested sound.
[2018-07-22 12:24:31.763] [INFO] [Main.PropertyLoader.LoadProperties(PropertyLoader.java:22)] - Loading Properties from "prop.properties"...
[2018-07-22 12:24:31.767] [INFO] [Audio.SoundLibrary.<init>(SoundLibrary.java:35)] - Initializing Sound Library...
[2018-07-22 12:24:31.771] [INFO] [Main.WeenieBot.<init>(WeenieBot.java:68)] - Initializing the Discord Bot...
[2018-07-22 12:24:40.770] [INFO] [Listeners.ChatListener.onMessageReceived(ChatListener.java:39)] - 208997799113654273 gave command: !37
[2018-07-22 12:24:40.771] [INFO] [Main.WeenieBot.addCommand(WeenieBot.java:118)] - Adding <37> to the command queue.
[2018-07-22 12:24:41.440] [INFO] [Main.WeenieBot.processCommand(WeenieBot.java:130)] - Attempting to process command: <37>
[2018-07-22 12:24:41.442] [INFO] [Main.WeenieBot.joinVoiceChannel(WeenieBot.java:182)] - Attempting to join channel: <Furry Overlords>
[2018-07-22 12:24:42.456] [INFO] [Main.WeenieBot.joinVoiceChannel(WeenieBot.java:214)] - Successfully joined channel: <Furry Overlords>
[2018-07-22 12:24:42.670] [INFO] [Audio.SoundPlayer$1.trackLoaded(SoundPlayer.java:71)] - Attempting to play the requested sound.
[2018-07-22 12:26:13.480] [INFO] [Main.PropertyLoader.LoadProperties(PropertyLoader.java:22)] - Loading Properties from "prop.properties"...
[2018-07-22 12:26:13.484] [INFO] [Audio.SoundLibrary.<init>(SoundLibrary.java:35)] - Initializing Sound Library...
[2018-07-22 12:26:13.490] [INFO] [Main.WeenieBot.<init>(WeenieBot.java:68)] - Initializing the Discord Bot...
[2018-07-22 12:26:18.036] [INFO] [Listeners.ChatListener.onMessageReceived(ChatListener.java:39)] - 208997799113654273 gave command: !37
[2018-07-22 12:26:18.036] [INFO] [Main.WeenieBot.addCommand(WeenieBot.java:118)] - Adding <37> to the command queue.
[2018-07-22 12:26:18.045] [INFO] [Listeners.ChatListener.onMessageReceived(ChatListener.java:39)] - 208997799113654273 gave command: !37
[2018-07-22 12:26:18.047] [INFO] [Main.WeenieBot.addCommand(WeenieBot.java:118)] - Adding <37> to the command queue.
[2018-07-22 12:26:18.203] [INFO] [Main.WeenieBot.processCommand(WeenieBot.java:130)] - Attempting to process command: <37>
[2018-07-22 12:26:18.204] [INFO] [Main.WeenieBot.joinVoiceChannel(WeenieBot.java:184)] - Attempting to join channel: <Furry Overlords>
[2018-07-22 12:26:19.321] [INFO] [Main.WeenieBot.joinVoiceChannel(WeenieBot.java:216)] - Successfully joined channel: <Furry Overlords>
[2018-07-22 12:26:19.536] [INFO] [Audio.SoundPlayer$1.trackLoaded(SoundPlayer.java:71)] - Attempting to play the requested sound.
[2018-07-22 12:26:44.269] [INFO] [Main.PropertyLoader.LoadProperties(PropertyLoader.java:22)] - Loading Properties from "prop.properties"...
[2018-07-22 12:26:44.273] [INFO] [Audio.SoundLibrary.<init>(SoundLibrary.java:35)] - Initializing Sound Library...
[2018-07-22 12:26:44.278] [INFO] [Main.WeenieBot.<init>(WeenieBot.java:68)] - Initializing the Discord Bot...
[2018-07-22 12:26:51.812] [INFO] [Listeners.ChatListener.onMessageReceived(ChatListener.java:39)] - 208997799113654273 gave command: !37
[2018-07-22 12:26:51.814] [INFO] [Main.WeenieBot.addCommand(WeenieBot.java:118)] - Adding <37> to the command queue.
[2018-07-22 12:26:51.847] [INFO] [Main.WeenieBot.processCommand(WeenieBot.java:130)] - Attempting to process command: <37>
[2018-07-22 12:26:51.847] [INFO] [Main.WeenieBot.joinVoiceChannel(WeenieBot.java:184)] - Attempting to join channel: <Furry Overlords>
[2018-07-22 12:26:52.957] [INFO] [Main.WeenieBot.joinVoiceChannel(WeenieBot.java:216)] - Successfully joined channel: <Furry Overlords>
[2018-07-22 12:26:53.201] [INFO] [Audio.SoundPlayer$1.trackLoaded(SoundPlayer.java:71)] - Attempting to play the requested sound.
[2018-07-22 12:30:49.222] [INFO] [Main.PropertyLoader.LoadProperties(PropertyLoader.java:22)] - Loading Properties from "prop.properties"...
[2018-07-22 12:30:49.226] [INFO] [Audio.SoundLibrary.<init>(SoundLibrary.java:35)] - Initializing Sound Library...
[2018-07-22 12:30:49.234] [INFO] [Main.WeenieBot.<init>(WeenieBot.java:70)] - Initializing the Discord Bot...
[2018-07-22 12:30:52.238] [INFO] [Listeners.ChatListener.onMessageReceived(ChatListener.java:39)] - 208997799113654273 gave command: !37
[2018-07-22 12:30:52.240] [INFO] [Main.WeenieBot.addCommand(WeenieBot.java:120)] - Adding <37> to the command queue.
[2018-07-22 12:30:52.817] [INFO] [Main.WeenieBot.processCommand(WeenieBot.java:132)] - Attempting to process command: <37>
[2018-07-22 12:30:52.819] [INFO] [Main.WeenieBot.joinVoiceChannel(WeenieBot.java:184)] - Attempting to join channel: <Furry Overlords>
[2018-07-22 12:30:53.938] [INFO] [Main.WeenieBot.joinVoiceChannel(WeenieBot.java:216)] - Successfully joined channel: <Furry Overlords>
[2018-07-22 12:30:54.137] [INFO] [Audio.SoundPlayer$1.trackLoaded(SoundPlayer.java:71)] - Attempting to play the requested sound.
[2018-07-22 12:33:22.894] [INFO] [Main.PropertyLoader.LoadProperties(PropertyLoader.java:22)] - Loading Properties from "prop.properties"...
[2018-07-22 12:33:22.898] [INFO] [Audio.SoundLibrary.<init>(SoundLibrary.java:35)] - Initializing Sound Library...
[2018-07-22 12:33:22.902] [INFO] [Main.WeenieBot.<init>(WeenieBot.java:70)] - Initializing the Discord Bot...
[2018-07-22 12:33:27.322] [INFO] [Listeners.ChatListener.onMessageReceived(ChatListener.java:39)] - 208997799113654273 gave command: !37
[2018-07-22 12:33:27.323] [INFO] [Main.WeenieBot.addCommand(WeenieBot.java:120)] - Adding <37> to the command queue.
[2018-07-22 12:33:27.515] [INFO] [Main.WeenieBot.processCommand(WeenieBot.java:132)] - Attempting to process command: <37>
[2018-07-22 12:33:27.516] [INFO] [Main.WeenieBot.joinVoiceChannel(WeenieBot.java:184)] - Attempting to join channel: <Furry Overlords>
[2018-07-22 12:33:28.526] [INFO] [Main.WeenieBot.joinVoiceChannel(WeenieBot.java:216)] - Successfully joined channel: <Furry Overlords>
[2018-07-22 12:33:28.737] [INFO] [Audio.SoundPlayer$1.trackLoaded(SoundPlayer.java:71)] - Attempting to play the requested sound.
[2018-07-22 12:39:23.286] [INFO] [Main.PropertyLoader.LoadProperties(PropertyLoader.java:22)] - Loading Properties from "prop.properties"...
[2018-07-22 12:39:23.289] [INFO] [Audio.SoundLibrary.<init>(SoundLibrary.java:35)] - Initializing Sound Library...
[2018-07-22 12:39:23.293] [INFO] [Main.WeenieBot.<init>(WeenieBot.java:70)] - Initializing the Discord Bot...
[2018-07-22 12:39:29.880] [INFO] [Listeners.ChatListener.onMessageReceived(ChatListener.java:39)] - 208997799113654273 gave command: !random
[2018-07-22 12:39:29.881] [INFO] [Main.WeenieBot.addCommand(WeenieBot.java:120)] - Adding <random> to the command queue.
[2018-07-22 12:39:29.900] [INFO] [Main.WeenieBot.processCommand(WeenieBot.java:132)] - Attempting to process command: <random>
[2018-07-22 12:39:29.901] [INFO] [Main.WeenieBot.joinVoiceChannel(WeenieBot.java:184)] - Attempting to join channel: <Furry Overlords>
[2018-07-22 12:39:31.012] [INFO] [Main.WeenieBot.joinVoiceChannel(WeenieBot.java:216)] - Successfully joined channel: <Furry Overlords>
[2018-07-22 12:39:31.217] [INFO] [Audio.SoundPlayer$1.trackLoaded(SoundPlayer.java:71)] - Attempting to play the requested sound.
[2018-07-22 12:39:36.421] [INFO] [Listeners.ChatListener.onMessageReceived(ChatListener.java:39)] - 208997799113654273 gave command: !stop
[2018-07-22 12:39:36.421] [INFO] [Main.WeenieBot.processUrgentCommand(WeenieBot.java:150)] - Attempting to process urgent command: <stop>
[2018-07-22 12:39:36.427] [INFO] [Audio.SoundPlayer.stop(SoundPlayer.java:102)] - Successfully stopped the track.
[2018-07-22 12:39:38.734] [INFO] [Listeners.ChatListener.onMessageReceived(ChatListener.java:39)] - 208997799113654273 gave command: !37
[2018-07-22 12:39:38.734] [INFO] [Main.WeenieBot.addCommand(WeenieBot.java:120)] - Adding <37> to the command queue.
[2018-07-22 12:39:38.902] [INFO] [Main.WeenieBot.processCommand(WeenieBot.java:132)] - Attempting to process command: <37>
[2018-07-22 12:39:38.903] [INFO] [Main.WeenieBot.joinVoiceChannel(WeenieBot.java:184)] - Attempting to join channel: <Furry Overlords>
[2018-07-22 12:39:39.911] [INFO] [Main.WeenieBot.joinVoiceChannel(WeenieBot.java:216)] - Successfully joined channel: <Furry Overlords>
[2018-07-22 12:39:39.912] [INFO] [Audio.SoundPlayer$1.trackLoaded(SoundPlayer.java:71)] - Attempting to play the requested sound.
[2018-07-22 12:42:57.253] [INFO] [Listeners.ChatListener.onMessageReceived(ChatListener.java:39)] - 208997799113654273 gave command: !random
[2018-07-22 12:42:57.254] [INFO] [Main.WeenieBot.addCommand(WeenieBot.java:120)] - Adding <random> to the command queue.
[2018-07-22 12:42:57.900] [INFO] [Main.WeenieBot.processCommand(WeenieBot.java:132)] - Attempting to process command: <random>
[2018-07-22 12:42:57.900] [INFO] [Main.WeenieBot.joinVoiceChannel(WeenieBot.java:184)] - Attempting to join channel: <Furry Overlords>
[2018-07-22 12:42:59.113] [INFO] [Main.WeenieBot.joinVoiceChannel(WeenieBot.java:216)] - Successfully joined channel: <Furry Overlords>
[2018-07-22 12:42:59.124] [INFO] [Audio.SoundPlayer$1.trackLoaded(SoundPlayer.java:71)] - Attempting to play the requested sound.
[2018-07-22 12:43:16.086] [INFO] [Listeners.ChatListener.onMessageReceived(ChatListener.java:39)] - 208997799113654273 gave command: !random
[2018-07-22 12:43:16.086] [INFO] [Main.WeenieBot.addCommand(WeenieBot.java:120)] - Adding <random> to the command queue.
[2018-07-22 12:43:16.899] [INFO] [Main.WeenieBot.processCommand(WeenieBot.java:132)] - Attempting to process command: <random>
[2018-07-22 12:43:16.899] [INFO] [Main.WeenieBot.joinVoiceChannel(WeenieBot.java:184)] - Attempting to join channel: <Furry Overlords>
[2018-07-22 12:43:18.104] [INFO] [Main.WeenieBot.joinVoiceChannel(WeenieBot.java:216)] - Successfully joined channel: <Furry Overlords>
[2018-07-22 12:43:18.106] [INFO] [Audio.SoundPlayer$1.trackLoaded(SoundPlayer.java:71)] - Attempting to play the requested sound.
[2018-07-22 12:44:19.320] [INFO] [Main.PropertyLoader.LoadProperties(PropertyLoader.java:22)] - Loading Properties from "prop.properties"...
[2018-07-22 12:44:19.324] [INFO] [Audio.SoundLibrary.<init>(SoundLibrary.java:35)] - Initializing Sound Library...
[2018-07-22 12:44:19.329] [INFO] [Main.WeenieBot.<init>(WeenieBot.java:70)] - Initializing the Discord Bot...
[2018-07-22 12:44:40.833] [INFO] [Main.PropertyLoader.LoadProperties(PropertyLoader.java:22)] - Loading Properties from "prop.properties"...
[2018-07-22 12:44:40.839] [INFO] [Audio.SoundLibrary.<init>(SoundLibrary.java:35)] - Initializing Sound Library...
[2018-07-22 12:44:40.844] [INFO] [Main.WeenieBot.<init>(WeenieBot.java:70)] - Initializing the Discord Bot...
[2018-07-22 12:44:47.473] [INFO] [Main.PropertyLoader.LoadProperties(PropertyLoader.java:22)] - Loading Properties from "prop.properties"...
[2018-07-22 12:44:47.477] [INFO] [Audio.SoundLibrary.<init>(SoundLibrary.java:35)] - Initializing Sound Library...
[2018-07-22 12:44:47.481] [INFO] [Main.WeenieBot.<init>(WeenieBot.java:70)] - Initializing the Discord Bot...
[2018-07-22 12:44:51.112] [INFO] [Listeners.ChatListener.onMessageReceived(ChatListener.java:39)] - 208997799113654273 gave command: !random
[2018-07-22 12:44:51.114] [INFO] [Main.WeenieBot.addCommand(WeenieBot.java:120)] - Adding <random> to the command queue.
[2018-07-22 12:45:03.230] [INFO] [Main.WeenieBot.processCommand(WeenieBot.java:132)] - Attempting to process command: <random>
[2018-07-22 12:45:03.940] [INFO] [Main.WeenieBot.joinVoiceChannel(WeenieBot.java:184)] - Attempting to join channel: <Furry Overlords>
[2018-07-22 12:45:04.486] [INFO] [Main.WeenieBot.joinVoiceChannel(WeenieBot.java:216)] - Successfully joined channel: <Furry Overlords>
[2018-07-22 12:45:07.577] [INFO] [Audio.SoundPlayer$1.trackLoaded(SoundPlayer.java:71)] - Attempting to play the requested sound.
[2018-07-22 12:45:18.080] [INFO] [Listeners.ChatListener.onMessageReceived(ChatListener.java:39)] - 208997799113654273 gave command: !stop
[2018-07-22 12:45:18.082] [INFO] [Main.WeenieBot.processUrgentCommand(WeenieBot.java:150)] - Attempting to process urgent command: <stop>
[2018-07-22 12:45:18.132] [INFO] [Audio.SoundPlayer.stop(SoundPlayer.java:102)] - Successfully stopped the track.
[2018-07-22 12:45:26.091] [INFO] [Listeners.ChatListener.onMessageReceived(ChatListener.java:39)] - 208997799113654273 gave command: !37
[2018-07-22 12:45:26.093] [INFO] [Main.WeenieBot.addCommand(WeenieBot.java:120)] - Adding <37> to the command queue.
[2018-07-22 12:45:32.605] [INFO] [Main.WeenieBot.processCommand(WeenieBot.java:132)] - Attempting to process command: <37>
[2018-07-22 12:45:32.978] [INFO] [Main.WeenieBot.joinVoiceChannel(WeenieBot.java:184)] - Attempting to join channel: <Furry Overlords>
[2018-07-22 12:45:33.282] [INFO] [Main.WeenieBot.joinVoiceChannel(WeenieBot.java:216)] - Successfully joined channel: <Furry Overlords>
[2018-07-22 12:45:35.275] [INFO] [Audio.SoundPlayer$1.trackLoaded(SoundPlayer.java:71)] - Attempting to play the requested sound.
[2018-07-22 12:45:58.033] [INFO] [Listeners.ChatListener.onMessageReceived(ChatListener.java:39)] - 209013693843767297 gave command: !list
[2018-07-22 12:45:58.041] [INFO] [Main.WeenieBot.addCommand(WeenieBot.java:120)] - Adding <list> to the command queue.
[2018-07-22 12:46:19.015] [INFO] [Main.WeenieBot.processCommand(WeenieBot.java:132)] - Attempting to process command: <list>
[2018-07-22 12:46:20.977] [INFO] [Main.WeenieBot.sendMessage(WeenieBot.java:164)] - Sending message to: 209013693843767297
[2018-07-22 12:47:20.216] [INFO] [Listeners.ChatListener.onMessageReceived(ChatListener.java:39)] - 208997799113654273 gave command: !random
[2018-07-22 12:47:20.217] [INFO] [Main.WeenieBot.addCommand(WeenieBot.java:120)] - Adding <random> to the command queue.
[2018-07-22 12:47:26.030] [INFO] [Main.WeenieBot.processCommand(WeenieBot.java:132)] - Attempting to process command: <random>
[2018-07-22 12:47:26.394] [INFO] [Main.WeenieBot.joinVoiceChannel(WeenieBot.java:184)] - Attempting to join channel: <Furry Overlords>
[2018-07-22 12:47:26.899] [INFO] [Main.WeenieBot.joinVoiceChannel(WeenieBot.java:216)] - Successfully joined channel: <Furry Overlords>
[2018-07-22 12:47:29.033] [INFO] [Audio.SoundPlayer$1.trackLoaded(SoundPlayer.java:71)] - Attempting to play the requested sound.
[2018-07-22 12:47:37.115] [INFO] [Listeners.ChatListener.onMessageReceived(ChatListener.java:39)] - 208997799113654273 gave command: !stop
[2018-07-22 12:47:37.117] [INFO] [Main.WeenieBot.processUrgentCommand(WeenieBot.java:150)] - Attempting to process urgent command: <stop>
[2018-07-22 12:47:37.120] [INFO] [Audio.SoundPlayer.stop(SoundPlayer.java:102)] - Successfully stopped the track.
[2018-07-22 12:47:41.743] [INFO] [Listeners.ChatListener.onMessageReceived(ChatListener.java:39)] - 208997799113654273 gave command: !random
[2018-07-22 12:47:41.745] [INFO] [Main.WeenieBot.addCommand(WeenieBot.java:120)] - Adding <random> to the command queue.
[2018-07-22 12:47:44.725] [INFO] [Main.WeenieBot.processCommand(WeenieBot.java:132)] - Attempting to process command: <random>
[2018-07-22 12:47:52.527] [INFO] [Main.WeenieBot.joinVoiceChannel(WeenieBot.java:184)] - Attempting to join channel: <Furry Overlords>
[2018-07-22 12:47:53.735] [INFO] [Main.WeenieBot.joinVoiceChannel(WeenieBot.java:216)] - Successfully joined channel: <Furry Overlords>
[2018-07-22 12:47:55.806] [INFO] [Audio.SoundPlayer$1.trackLoaded(SoundPlayer.java:71)] - Attempting to play the requested sound.
[2018-07-22 13:16:18.471] [INFO] [Main.PropertyLoader.LoadProperties(PropertyLoader.java:22)] - Loading Properties from "prop.properties"...
[2018-07-22 13:16:18.475] [INFO] [Audio.SoundLibrary.<init>(SoundLibrary.java:35)] - Initializing Sound Library...
[2018-07-22 13:16:18.480] [INFO] [Main.WeenieBot.<init>(WeenieBot.java:70)] - Initializing the Discord Bot...
[2018-07-22 13:16:21.710] [INFO] [Listeners.ChatListener.onMessageReceived(ChatListener.java:39)] - 208997799113654273 [Identify] gave command: !37
[2018-07-22 13:16:21.712] [INFO] [Main.WeenieBot.addCommand(WeenieBot.java:120)] - Adding <37> to the command queue.
[2018-07-22 13:16:28.795] [INFO] [Main.WeenieBot.processCommand(WeenieBot.java:132)] - Attempting to process command: <37>
[2018-07-22 13:16:28.796] [INFO] [Main.WeenieBot.joinVoiceChannel(WeenieBot.java:184)] - Attempting to join channel: <Furry Overlords>
[2018-07-22 13:16:30.005] [INFO] [Main.WeenieBot.joinVoiceChannel(WeenieBot.java:216)] - Successfully joined channel: <Furry Overlords>
[2018-07-22 13:16:30.200] [INFO] [Audio.SoundPlayer$1.trackLoaded(SoundPlayer.java:71)] - Attempting to play the requested sound.
